<?xml version="1.0" encoding="utf-8" standalone="no"?>
<!--This file represents the results of running a test suite-->
<test-results name="D:\projects\LoanGeek\LoanGeek.Tests\bin\Release\LoanGeek.Tests.dll" total="3" errors="0" failures="0" not-run="0" inconclusive="0" ignored="0" skipped="0" invalid="0" date="2010-09-03" time="17:26:57">
  <environment nunit-version="2.5.7.10213" clr-version="2.0.50727.4952" os-version="Microsoft Windows NT 6.1.7600.0" platform="Win32NT" cwd="C:\Program Files (x86)\NUnit 2.5.7\bin\net-2.0" machine-name="SNACKATTACK" user="Robert" user-domain="snackattack" />
  <culture-info current-culture="en-US" current-uiculture="en-US" />
  <test-suite type="Assembly" name="D:\projects\LoanGeek\LoanGeek.Tests\bin\Release\LoanGeek.Tests.dll" executed="True" result="Success" success="True" time="0.074" asserts="0">
    <results>
      <test-suite type="Namespace" name="UnitTests" executed="True" result="Success" success="True" time="0.055" asserts="0">
        <results>
          <test-suite type="TestFixture" name="TestLoanData" executed="True" result="Success" success="True" time="0.052" asserts="0">
            <results>
              <test-case name="UnitTests.TestLoanData.TestMonthlyInterestPayment" executed="True" result="Success" success="True" time="0.021" asserts="1" />
              <test-case name="UnitTests.TestLoanData.TestMonthlyPayment" executed="True" result="Success" success="True" time="0.001" asserts="1" />
              <test-case name="UnitTests.TestLoanData.TestMonthlyPrincipalPayyment" executed="True" result="Success" success="True" time="0.001" asserts="1" />
            </results>
          </test-suite>
        </results>
      </test-suite>
    </results>
  </test-suite>
</test-results>