<?xml version="1.0" encoding="utf-8" standalone="no"?>
<!--This file represents the results of running a test suite-->
<test-results name="D:\projects\LoanGeek\LoanGeek.Tests\bin\Release\LoanGeek.Tests.dll" total="10" errors="0" failures="0" not-run="0" inconclusive="0" ignored="0" skipped="0" invalid="0" date="2011-02-04" time="13:46:22">
  <environment nunit-version="2.5.9.10348" clr-version="2.0.50727.4952" os-version="Microsoft Windows NT 6.1.7600.0" platform="Win32NT" cwd="C:\Program Files (x86)\NUnit 2.5.9\bin\net-2.0" machine-name="SNACKATTACK" user="Robert" user-domain="Snackattack" />
  <culture-info current-culture="en-US" current-uiculture="en-US" />
  <test-suite type="Assembly" name="D:\projects\LoanGeek\LoanGeek.Tests\bin\Release\LoanGeek.Tests.dll" executed="True" result="Success" success="True" time="0.124" asserts="0">
    <results>
      <test-suite type="Namespace" name="UnitTests" executed="True" result="Success" success="True" time="0.105" asserts="0">
        <results>
          <test-suite type="TestFixture" name="TestLoanData" executed="True" result="Success" success="True" time="0.103" asserts="0">
            <results>
              <test-case name="UnitTests.TestLoanData.TestMonthlyHoaPayment" executed="True" result="Success" success="True" time="0.059" asserts="1" />
              <test-case name="UnitTests.TestLoanData.TestMonthlyInsurancePayment" executed="True" result="Success" success="True" time="0.001" asserts="1" />
              <test-case name="UnitTests.TestLoanData.TestMonthlyInterestPayment" executed="True" result="Success" success="True" time="0.001" asserts="1" />
              <test-case name="UnitTests.TestLoanData.TestMonthlyPmiPayment" executed="True" result="Success" success="True" time="0.002" asserts="1" />
              <test-case name="UnitTests.TestLoanData.TestMonthlyPrincipalAndInterestPayment" executed="True" result="Success" success="True" time="0.001" asserts="1" />
              <test-case name="UnitTests.TestLoanData.TestMonthlyPrincipalPayment" executed="True" result="Success" success="True" time="0.001" asserts="1" />
              <test-case name="UnitTests.TestLoanData.TestMonthlyPropertyTaxPayment" executed="True" result="Success" success="True" time="0.002" asserts="1" />
              <test-case name="UnitTests.TestLoanData.TestPrincipalCalculation" executed="True" result="Success" success="True" time="0.001" asserts="1" />
              <test-case name="UnitTests.TestLoanData.testRounding" executed="True" result="Success" success="True" time="0.001" asserts="1" />
              <test-case name="UnitTests.TestLoanData.TestTotalMonthlyPayment" executed="True" result="Success" success="True" time="0.001" asserts="1" />
            </results>
          </test-suite>
        </results>
      </test-suite>
    </results>
  </test-suite>
</test-results>